2024-08-16T00:06:46.418+08:00  INFO 64478 --- [LearnSpringBoot] [main] c.e.L.LearnSpringBootApplication         : Starting LearnSpringBootApplication using Java 22.0.2 with PID 64478 (/Users/vivienphang/Downloads/LearnSpringBoot/build/classes/java/main started by vivienphang in /Users/vivienphang/Downloads/LearnSpringBoot)
2024-08-16T00:06:46.482+08:00  INFO 64478 --- [LearnSpringBoot] [main] c.e.L.LearnSpringBootApplication         : No active profile set, falling back to 1 default profile: "default"
2024-08-16T00:06:50.165+08:00  INFO 64478 --- [LearnSpringBoot] [main] o.s.b.w.embedded.tomcat.TomcatWebServer  : Tomcat initialized with port 8080 (http)
2024-08-16T00:06:50.221+08:00  INFO 64478 --- [LearnSpringBoot] [main] o.apache.catalina.core.StandardService   : Starting service [Tomcat]
2024-08-16T00:06:50.224+08:00  INFO 64478 --- [LearnSpringBoot] [main] o.apache.catalina.core.StandardEngine    : Starting Servlet engine: [Apache Tomcat/10.1.26]
2024-08-16T00:06:50.487+08:00  INFO 64478 --- [LearnSpringBoot] [main] o.a.c.c.C.[Tomcat].[localhost].[/]       : Initializing Spring embedded WebApplicationContext
2024-08-16T00:06:50.489+08:00  INFO 64478 --- [LearnSpringBoot] [main] w.s.c.ServletWebServerApplicationContext : Root WebApplicationContext: initialization completed in 3788 ms
2024-08-16T00:06:51.411+08:00  INFO 64478 --- [LearnSpringBoot] [main] o.s.b.w.embedded.tomcat.TomcatWebServer  : Tomcat started on port 8080 (http) with context path '/'
2024-08-16T00:06:51.434+08:00  INFO 64478 --- [LearnSpringBoot] [main] c.e.L.LearnSpringBootApplication         : Started LearnSpringBootApplication in 7.991 seconds (process running for 9.1)
2024-08-16T00:06:58.532+08:00  INFO 64478 --- [LearnSpringBoot] [http-nio-8080-exec-2] o.a.c.c.C.[Tomcat].[localhost].[/]       : Initializing Spring DispatcherServlet 'dispatcherServlet'
2024-08-16T00:06:58.533+08:00  INFO 64478 --- [LearnSpringBoot] [http-nio-8080-exec-2] o.s.web.servlet.DispatcherServlet        : Initializing Servlet 'dispatcherServlet'
2024-08-16T00:06:58.536+08:00  INFO 64478 --- [LearnSpringBoot] [http-nio-8080-exec-2] o.s.web.servlet.DispatcherServlet        : Completed initialization in 2 ms
2024-08-16T00:16:53.201+08:00  INFO 64619 --- [LearnSpringBoot] [main] c.e.L.LearnSpringBootApplication         : Starting LearnSpringBootApplication using Java 22.0.2 with PID 64619 (/Users/vivienphang/Downloads/LearnSpringBoot/build/classes/java/main started by vivienphang in /Users/vivienphang/Downloads/LearnSpringBoot)
2024-08-16T00:16:53.269+08:00  INFO 64619 --- [LearnSpringBoot] [main] c.e.L.LearnSpringBootApplication         : No active profile set, falling back to 1 default profile: "default"
2024-08-16T00:16:56.433+08:00  INFO 64619 --- [LearnSpringBoot] [main] o.s.b.w.embedded.tomcat.TomcatWebServer  : Tomcat initialized with port 8080 (http)
2024-08-16T00:16:56.482+08:00  INFO 64619 --- [LearnSpringBoot] [main] o.apache.catalina.core.StandardService   : Starting service [Tomcat]
2024-08-16T00:16:56.483+08:00  INFO 64619 --- [LearnSpringBoot] [main] o.apache.catalina.core.StandardEngine    : Starting Servlet engine: [Apache Tomcat/10.1.26]
2024-08-16T00:16:56.631+08:00  INFO 64619 --- [LearnSpringBoot] [main] o.a.c.c.C.[Tomcat].[localhost].[/]       : Initializing Spring embedded WebApplicationContext
2024-08-16T00:16:56.633+08:00  INFO 64619 --- [LearnSpringBoot] [main] w.s.c.ServletWebServerApplicationContext : Root WebApplicationContext: initialization completed in 3116 ms
2024-08-16T00:16:57.103+08:00  INFO 64619 --- [LearnSpringBoot] [main] o.s.b.a.w.s.WelcomePageHandlerMapping    : Adding welcome page: class path resource [static/index.html]
2024-08-16T00:16:57.712+08:00  INFO 64619 --- [LearnSpringBoot] [main] o.s.b.w.embedded.tomcat.TomcatWebServer  : Tomcat started on port 8080 (http) with context path '/'
2024-08-16T00:16:57.734+08:00  INFO 64619 --- [LearnSpringBoot] [main] c.e.L.LearnSpringBootApplication         : Started LearnSpringBootApplication in 6.207 seconds (process running for 7.307)
2024-08-16T00:17:00.654+08:00  INFO 64619 --- [LearnSpringBoot] [http-nio-8080-exec-1] o.a.c.c.C.[Tomcat].[localhost].[/]       : Initializing Spring DispatcherServlet 'dispatcherServlet'
2024-08-16T00:17:00.654+08:00  INFO 64619 --- [LearnSpringBoot] [http-nio-8080-exec-1] o.s.web.servlet.DispatcherServlet        : Initializing Servlet 'dispatcherServlet'
2024-08-16T00:17:00.659+08:00  INFO 64619 --- [LearnSpringBoot] [http-nio-8080-exec-1] o.s.web.servlet.DispatcherServlet        : Completed initialization in 4 ms
2024-08-16T00:21:33.603+08:00  INFO 64702 --- [LearnSpringBoot] [main] c.e.L.LearnSpringBootApplication         : Starting LearnSpringBootApplication using Java 22.0.2 with PID 64702 (/Users/vivienphang/Downloads/LearnSpringBoot/build/classes/java/main started by vivienphang in /Users/vivienphang/Downloads/LearnSpringBoot)
2024-08-16T00:21:33.607+08:00  INFO 64702 --- [LearnSpringBoot] [main] c.e.L.LearnSpringBootApplication         : No active profile set, falling back to 1 default profile: "default"
2024-08-16T00:21:35.800+08:00  INFO 64702 --- [LearnSpringBoot] [main] o.s.b.w.embedded.tomcat.TomcatWebServer  : Tomcat initialized with port 8080 (http)
2024-08-16T00:21:35.825+08:00  INFO 64702 --- [LearnSpringBoot] [main] o.apache.catalina.core.StandardService   : Starting service [Tomcat]
2024-08-16T00:21:35.827+08:00  INFO 64702 --- [LearnSpringBoot] [main] o.apache.catalina.core.StandardEngine    : Starting Servlet engine: [Apache Tomcat/10.1.26]
2024-08-16T00:21:35.931+08:00  INFO 64702 --- [LearnSpringBoot] [main] o.a.c.c.C.[Tomcat].[localhost].[/]       : Initializing Spring embedded WebApplicationContext
2024-08-16T00:21:35.931+08:00  INFO 64702 --- [LearnSpringBoot] [main] w.s.c.ServletWebServerApplicationContext : Root WebApplicationContext: initialization completed in 2223 ms
2024-08-16T00:21:36.133+08:00  INFO 64702 --- [LearnSpringBoot] [main] o.s.b.a.w.s.WelcomePageHandlerMapping    : Adding welcome page: class path resource [static/index.html]
2024-08-16T00:21:36.631+08:00  INFO 64702 --- [LearnSpringBoot] [main] o.s.b.w.embedded.tomcat.TomcatWebServer  : Tomcat started on port 8080 (http) with context path '/'
2024-08-16T00:21:36.646+08:00  INFO 64702 --- [LearnSpringBoot] [main] c.e.L.LearnSpringBootApplication         : Started LearnSpringBootApplication in 4.291 seconds (process running for 5.113)
2024-08-16T00:21:49.851+08:00  INFO 64702 --- [LearnSpringBoot] [http-nio-8080-exec-1] o.a.c.c.C.[Tomcat].[localhost].[/]       : Initializing Spring DispatcherServlet 'dispatcherServlet'
2024-08-16T00:21:49.852+08:00  INFO 64702 --- [LearnSpringBoot] [http-nio-8080-exec-1] o.s.web.servlet.DispatcherServlet        : Initializing Servlet 'dispatcherServlet'
2024-08-16T00:21:49.855+08:00  INFO 64702 --- [LearnSpringBoot] [http-nio-8080-exec-1] o.s.web.servlet.DispatcherServlet        : Completed initialization in 2 ms
2024-08-16T00:23:51.421+08:00  INFO 64745 --- [LearnSpringBoot] [main] c.e.L.LearnSpringBootApplication         : Starting LearnSpringBootApplication using Java 22.0.2 with PID 64745 (/Users/vivienphang/Downloads/LearnSpringBoot/build/classes/java/main started by vivienphang in /Users/vivienphang/Downloads/LearnSpringBoot)
2024-08-16T00:23:51.430+08:00  INFO 64745 --- [LearnSpringBoot] [main] c.e.L.LearnSpringBootApplication         : No active profile set, falling back to 1 default profile: "default"
2024-08-16T00:23:55.758+08:00  INFO 64745 --- [LearnSpringBoot] [main] o.s.b.w.embedded.tomcat.TomcatWebServer  : Tomcat initialized with port 8080 (http)
2024-08-16T00:23:55.790+08:00  INFO 64745 --- [LearnSpringBoot] [main] o.apache.catalina.core.StandardService   : Starting service [Tomcat]
2024-08-16T00:23:55.791+08:00  INFO 64745 --- [LearnSpringBoot] [main] o.apache.catalina.core.StandardEngine    : Starting Servlet engine: [Apache Tomcat/10.1.26]
2024-08-16T00:23:55.890+08:00  INFO 64745 --- [LearnSpringBoot] [main] o.a.c.c.C.[Tomcat].[localhost].[/]       : Initializing Spring embedded WebApplicationContext
2024-08-16T00:23:55.891+08:00  INFO 64745 --- [LearnSpringBoot] [main] w.s.c.ServletWebServerApplicationContext : Root WebApplicationContext: initialization completed in 4289 ms
2024-08-16T00:23:56.130+08:00  INFO 64745 --- [LearnSpringBoot] [main] o.s.b.a.w.s.WelcomePageHandlerMapping    : Adding welcome page: class path resource [static/index.html]
2024-08-16T00:23:56.703+08:00  INFO 64745 --- [LearnSpringBoot] [main] o.s.b.w.embedded.tomcat.TomcatWebServer  : Tomcat started on port 8080 (http) with context path '/'
2024-08-16T00:23:56.738+08:00  INFO 64745 --- [LearnSpringBoot] [main] c.e.L.LearnSpringBootApplication         : Started LearnSpringBootApplication in 7.022 seconds (process running for 8.25)
2024-08-16T00:23:57.703+08:00  INFO 64745 --- [LearnSpringBoot] [http-nio-8080-exec-1] o.a.c.c.C.[Tomcat].[localhost].[/]       : Initializing Spring DispatcherServlet 'dispatcherServlet'
2024-08-16T00:23:57.704+08:00  INFO 64745 --- [LearnSpringBoot] [http-nio-8080-exec-1] o.s.web.servlet.DispatcherServlet        : Initializing Servlet 'dispatcherServlet'
2024-08-16T00:23:57.706+08:00  INFO 64745 --- [LearnSpringBoot] [http-nio-8080-exec-1] o.s.web.servlet.DispatcherServlet        : Completed initialization in 2 ms
2024-08-16T00:24:09.417+08:00  INFO 64752 --- [LearnSpringBoot] [main] c.e.L.LearnSpringBootApplication         : Starting LearnSpringBootApplication using Java 22.0.2 with PID 64752 (/Users/vivienphang/Downloads/LearnSpringBoot/build/classes/java/main started by vivienphang in /Users/vivienphang/Downloads/LearnSpringBoot)
2024-08-16T00:24:09.422+08:00  INFO 64752 --- [LearnSpringBoot] [main] c.e.L.LearnSpringBootApplication         : No active profile set, falling back to 1 default profile: "default"
2024-08-16T00:24:12.416+08:00  INFO 64752 --- [LearnSpringBoot] [main] o.s.b.w.embedded.tomcat.TomcatWebServer  : Tomcat initialized with port 8080 (http)
2024-08-16T00:24:12.456+08:00  INFO 64752 --- [LearnSpringBoot] [main] o.apache.catalina.core.StandardService   : Starting service [Tomcat]
2024-08-16T00:24:12.457+08:00  INFO 64752 --- [LearnSpringBoot] [main] o.apache.catalina.core.StandardEngine    : Starting Servlet engine: [Apache Tomcat/10.1.26]
2024-08-16T00:24:12.625+08:00  INFO 64752 --- [LearnSpringBoot] [main] o.a.c.c.C.[Tomcat].[localhost].[/]       : Initializing Spring embedded WebApplicationContext
2024-08-16T00:24:12.626+08:00  INFO 64752 --- [LearnSpringBoot] [main] w.s.c.ServletWebServerApplicationContext : Root WebApplicationContext: initialization completed in 3054 ms
2024-08-16T00:24:12.959+08:00  INFO 64752 --- [LearnSpringBoot] [main] o.s.b.a.w.s.WelcomePageHandlerMapping    : Adding welcome page: class path resource [static/index.html]
2024-08-16T00:24:13.698+08:00  INFO 64752 --- [LearnSpringBoot] [main] o.s.b.w.embedded.tomcat.TomcatWebServer  : Tomcat started on port 8080 (http) with context path '/'
2024-08-16T00:24:13.723+08:00  INFO 64752 --- [LearnSpringBoot] [main] c.e.L.LearnSpringBootApplication         : Started LearnSpringBootApplication in 5.764 seconds (process running for 7.03)
2024-08-16T00:24:24.108+08:00  INFO 64752 --- [LearnSpringBoot] [http-nio-8080-exec-1] o.a.c.c.C.[Tomcat].[localhost].[/]       : Initializing Spring DispatcherServlet 'dispatcherServlet'
2024-08-16T00:24:24.109+08:00  INFO 64752 --- [LearnSpringBoot] [http-nio-8080-exec-1] o.s.web.servlet.DispatcherServlet        : Initializing Servlet 'dispatcherServlet'
2024-08-16T00:24:24.111+08:00  INFO 64752 --- [LearnSpringBoot] [http-nio-8080-exec-1] o.s.web.servlet.DispatcherServlet        : Completed initialization in 1 ms
2024-08-16T00:25:54.779+08:00  INFO 64772 --- [LearnSpringBoot] [main] c.e.L.LearnSpringBootApplication         : Starting LearnSpringBootApplication using Java 22.0.2 with PID 64772 (/Users/vivienphang/Downloads/LearnSpringBoot/build/classes/java/main started by vivienphang in /Users/vivienphang/Downloads/LearnSpringBoot)
2024-08-16T00:25:54.783+08:00  INFO 64772 --- [LearnSpringBoot] [main] c.e.L.LearnSpringBootApplication         : No active profile set, falling back to 1 default profile: "default"
2024-08-16T00:25:56.254+08:00  INFO 64772 --- [LearnSpringBoot] [main] o.s.b.w.embedded.tomcat.TomcatWebServer  : Tomcat initialized with port 8080 (http)
2024-08-16T00:25:56.275+08:00  INFO 64772 --- [LearnSpringBoot] [main] o.apache.catalina.core.StandardService   : Starting service [Tomcat]
2024-08-16T00:25:56.276+08:00  INFO 64772 --- [LearnSpringBoot] [main] o.apache.catalina.core.StandardEngine    : Starting Servlet engine: [Apache Tomcat/10.1.26]
2024-08-16T00:25:56.353+08:00  INFO 64772 --- [LearnSpringBoot] [main] o.a.c.c.C.[Tomcat].[localhost].[/]       : Initializing Spring embedded WebApplicationContext
2024-08-16T00:25:56.354+08:00  INFO 64772 --- [LearnSpringBoot] [main] w.s.c.ServletWebServerApplicationContext : Root WebApplicationContext: initialization completed in 1489 ms
2024-08-16T00:25:56.519+08:00  INFO 64772 --- [LearnSpringBoot] [main] o.s.b.a.w.s.WelcomePageHandlerMapping    : Adding welcome page: class path resource [static/index.html]
2024-08-16T00:25:56.898+08:00  INFO 64772 --- [LearnSpringBoot] [main] o.s.b.w.embedded.tomcat.TomcatWebServer  : Tomcat started on port 8080 (http) with context path '/'
2024-08-16T00:25:56.916+08:00  INFO 64772 --- [LearnSpringBoot] [main] c.e.L.LearnSpringBootApplication         : Started LearnSpringBootApplication in 2.996 seconds (process running for 3.815)
2024-08-16T00:25:59.493+08:00  INFO 64772 --- [LearnSpringBoot] [http-nio-8080-exec-1] o.a.c.c.C.[Tomcat].[localhost].[/]       : Initializing Spring DispatcherServlet 'dispatcherServlet'
2024-08-16T00:25:59.494+08:00  INFO 64772 --- [LearnSpringBoot] [http-nio-8080-exec-1] o.s.web.servlet.DispatcherServlet        : Initializing Servlet 'dispatcherServlet'
2024-08-16T00:25:59.495+08:00  INFO 64772 --- [LearnSpringBoot] [http-nio-8080-exec-1] o.s.web.servlet.DispatcherServlet        : Completed initialization in 1 ms
2024-08-16T00:26:58.454+08:00  INFO 64794 --- [LearnSpringBoot] [main] c.e.L.LearnSpringBootApplication         : Starting LearnSpringBootApplication using Java 22.0.2 with PID 64794 (/Users/vivienphang/Downloads/LearnSpringBoot/build/classes/java/main started by vivienphang in /Users/vivienphang/Downloads/LearnSpringBoot)
2024-08-16T00:26:58.459+08:00  INFO 64794 --- [LearnSpringBoot] [main] c.e.L.LearnSpringBootApplication         : No active profile set, falling back to 1 default profile: "default"
2024-08-16T00:27:00.697+08:00  INFO 64794 --- [LearnSpringBoot] [main] o.s.b.w.embedded.tomcat.TomcatWebServer  : Tomcat initialized with port 8080 (http)
2024-08-16T00:27:00.727+08:00  INFO 64794 --- [LearnSpringBoot] [main] o.apache.catalina.core.StandardService   : Starting service [Tomcat]
2024-08-16T00:27:00.728+08:00  INFO 64794 --- [LearnSpringBoot] [main] o.apache.catalina.core.StandardEngine    : Starting Servlet engine: [Apache Tomcat/10.1.26]
2024-08-16T00:27:00.834+08:00  INFO 64794 --- [LearnSpringBoot] [main] o.a.c.c.C.[Tomcat].[localhost].[/]       : Initializing Spring embedded WebApplicationContext
2024-08-16T00:27:00.835+08:00  INFO 64794 --- [LearnSpringBoot] [main] w.s.c.ServletWebServerApplicationContext : Root WebApplicationContext: initialization completed in 2298 ms
2024-08-16T00:27:01.099+08:00  INFO 64794 --- [LearnSpringBoot] [main] o.s.b.a.w.s.WelcomePageHandlerMapping    : Adding welcome page: class path resource [static/index.html]
2024-08-16T00:27:01.699+08:00  INFO 64794 --- [LearnSpringBoot] [main] o.s.b.w.embedded.tomcat.TomcatWebServer  : Tomcat started on port 8080 (http) with context path '/'
2024-08-16T00:27:01.716+08:00  INFO 64794 --- [LearnSpringBoot] [main] c.e.L.LearnSpringBootApplication         : Started LearnSpringBootApplication in 4.147 seconds (process running for 4.737)
2024-08-16T00:27:26.181+08:00  INFO 64794 --- [LearnSpringBoot] [http-nio-8080-exec-1] o.a.c.c.C.[Tomcat].[localhost].[/]       : Initializing Spring DispatcherServlet 'dispatcherServlet'
2024-08-16T00:27:26.182+08:00  INFO 64794 --- [LearnSpringBoot] [http-nio-8080-exec-1] o.s.web.servlet.DispatcherServlet        : Initializing Servlet 'dispatcherServlet'
2024-08-16T00:27:26.183+08:00  INFO 64794 --- [LearnSpringBoot] [http-nio-8080-exec-1] o.s.web.servlet.DispatcherServlet        : Completed initialization in 1 ms
2024-08-16T00:28:15.483+08:00  INFO 64818 --- [LearnSpringBoot] [main] c.e.L.LearnSpringBootApplication         : Starting LearnSpringBootApplication using Java 22.0.2 with PID 64818 (/Users/vivienphang/Downloads/LearnSpringBoot/build/classes/java/main started by vivienphang in /Users/vivienphang/Downloads/LearnSpringBoot)
2024-08-16T00:28:15.490+08:00  INFO 64818 --- [LearnSpringBoot] [main] c.e.L.LearnSpringBootApplication         : No active profile set, falling back to 1 default profile: "default"
2024-08-16T00:28:17.546+08:00  INFO 64818 --- [LearnSpringBoot] [main] o.s.b.w.embedded.tomcat.TomcatWebServer  : Tomcat initialized with port 8080 (http)
2024-08-16T00:28:17.576+08:00  INFO 64818 --- [LearnSpringBoot] [main] o.apache.catalina.core.StandardService   : Starting service [Tomcat]
2024-08-16T00:28:17.577+08:00  INFO 64818 --- [LearnSpringBoot] [main] o.apache.catalina.core.StandardEngine    : Starting Servlet engine: [Apache Tomcat/10.1.26]
2024-08-16T00:28:17.676+08:00  INFO 64818 --- [LearnSpringBoot] [main] o.a.c.c.C.[Tomcat].[localhost].[/]       : Initializing Spring embedded WebApplicationContext
2024-08-16T00:28:17.677+08:00  INFO 64818 --- [LearnSpringBoot] [main] w.s.c.ServletWebServerApplicationContext : Root WebApplicationContext: initialization completed in 2067 ms
2024-08-16T00:28:17.942+08:00  INFO 64818 --- [LearnSpringBoot] [main] o.s.b.a.w.s.WelcomePageHandlerMapping    : Adding welcome page: class path resource [static/index.html]
2024-08-16T00:28:18.508+08:00  INFO 64818 --- [LearnSpringBoot] [main] o.s.b.w.embedded.tomcat.TomcatWebServer  : Tomcat started on port 8080 (http) with context path '/'
2024-08-16T00:28:18.524+08:00  INFO 64818 --- [LearnSpringBoot] [main] c.e.L.LearnSpringBootApplication         : Started LearnSpringBootApplication in 3.989 seconds (process running for 4.781)
2024-08-16T00:28:36.104+08:00  INFO 64818 --- [LearnSpringBoot] [http-nio-8080-exec-1] o.a.c.c.C.[Tomcat].[localhost].[/]       : Initializing Spring DispatcherServlet 'dispatcherServlet'
2024-08-16T00:28:36.104+08:00  INFO 64818 --- [LearnSpringBoot] [http-nio-8080-exec-1] o.s.web.servlet.DispatcherServlet        : Initializing Servlet 'dispatcherServlet'
2024-08-16T00:28:36.106+08:00  INFO 64818 --- [LearnSpringBoot] [http-nio-8080-exec-1] o.s.web.servlet.DispatcherServlet        : Completed initialization in 1 ms
